<?xml version="1.0" encoding="UTF-8"?>
<!-- Generated by org.testng.reporters.JUnitReportReporter -->
<testsuite hostname="Padmini" failures="0" tests="1" name="login.LogInTest" time="0.417" errors="0" timestamp="2022-12-16T15:27:56 IST" skipped="0">
  <testcase classname="login.LogInTest" name="login" time="0.417"/>
  <system-out/>
</testsuite> <!-- login.LogInTest -->
