<?xml version="1.0" encoding="UTF-8"?>
<!-- Generated by org.testng.reporters.JUnitReportReporter -->
<testsuite hostname="Padmini" failures="0" tests="1" name="login.LogIn" time="0.007" errors="0" timestamp="2022-12-16T13:18:59 IST" skipped="0">
  <testcase classname="login.LogIn" name="f" time="0.007"/>
  <system-out/>
</testsuite> <!-- login.LogIn -->
